Using pre-set license
Built from '2021.1/staging' branch; Version is '2021.1.6f1 (c0fade0cc7e9) revision 12647134'; Using compiler version '192528614'; Build Type 'Release'
OS: 'Windows 10 Enterprise LTSC 2019; OS build 17763.2114; Version 1809; 64bit' Language: 'ru' Physical Memory: 8073 MB
BatchMode: 1, IsHumanControllingUs: 0, StartBugReporterOnCrash: 0, Is64bit: 1, IsPro: 0

 COMMAND LINE ARGUMENTS:
D:\Unity 2021.1.6\Editor\Unity.exe
-adb2
-batchMode
-noUpm
-name
AssetImportWorker0
-projectPath
C:/Users/user/Desktop/MegameAnimation
-logFile
Logs/AssetImportWorker0.log
-srvPort
62823
Successfully changed project path to: C:/Users/user/Desktop/MegameAnimation
C:/Users/user/Desktop/MegameAnimation
Using Asset Import Pipeline V2.
Refreshing native plugins compatible for Editor in 92.30 ms, found 1 plugins.
Preloading 0 native plugins for Editor in 0.00 ms.
Initialize engine version: 2021.1.6f1 (c0fade0cc7e9)
[Subsystems] Discovering subsystems at path D:/Unity 2021.1.6/Editor/Data/Resources/UnitySubsystems
[Subsystems] Discovering subsystems at path C:/Users/user/Desktop/MegameAnimation/Assets
GfxDevice: creating device client; threaded=0; jobified=0
Direct3D:
    Version:  Direct3D 11.0 [level 11.1]
    Renderer: Intel(R) UHD Graphics 630 (ID=0x3e92)
    Vendor:   Intel
    VRAM:     4036 MB
    Driver:   27.20.100.8681
Initialize mono
Mono path[0] = 'D:/Unity 2021.1.6/Editor/Data/Managed'
Mono path[1] = 'D:/Unity 2021.1.6/Editor/Data/MonoBleedingEdge/lib/mono/unityjit'
Mono config path = 'D:/Unity 2021.1.6/Editor/Data/MonoBleedingEdge/etc'
Using monoOptions --debugger-agent=transport=dt_socket,embedding=1,server=y,suspend=n,address=127.0.0.1:56284
Begin MonoManager ReloadAssembly
Registering precompiled unity dll's ...
Register platform support module: D:/Unity 2021.1.6/Editor/Data/PlaybackEngines/WindowsStandaloneSupport/UnityEditor.WindowsStandalone.Extensions.dll
Registered in 0.001113 seconds.
Native extension for WindowsStandalone target not found
Refreshing native plugins compatible for Editor in 96.62 ms, found 1 plugins.
Preloading 0 native plugins for Editor in 0.00 ms.
Mono: successfully reloaded assembly
- Completed reload, in  1.771 seconds
Platform modules already initialized, skipping
Registering precompiled user dll's ...
Registered in 0.003793 seconds.
Begin MonoManager ReloadAssembly
Native extension for WindowsStandalone target not found
Refreshing native plugins compatible for Editor in 0.68 ms, found 1 plugins.
Preloading 0 native plugins for Editor in 0.00 ms.
Mono: successfully reloaded assembly
- Completed reload, in  1.448 seconds
Platform modules already initialized, skipping
========================================================================
Worker process is ready to serve import requests
Launched and connected shader compiler UnityShaderCompiler.exe after 0.25 seconds
Refreshing native plugins compatible for Editor in 0.54 ms, found 1 plugins.
Preloading 0 native plugins for Editor in 0.00 ms.
Unloading 2682 Unused Serialized files (Serialized files now loaded: 0)
System memory in use before: 100.7 MB.
System memory in use after: 100.9 MB.

Unloading 15 unused Assets to reduce memory usage. Loaded Objects now: 3135.
Total: 2.335700 ms (FindLiveObjects: 0.249500 ms CreateObjectMapping: 0.151500 ms MarkObjects: 1.847100 ms  DeleteObjects: 0.086400 ms)

========================================================================
Received Import Request.
  path: Assets/Assets/AnimationIntegration/Models/Player
  artifactKey: Guid(b4e923ff2f343d1468d8f6d93c8c3836) Importer(815301076,1909f56bfc062723c751e8b465ee728b)
Start importing Assets/Assets/AnimationIntegration/Models/Player using Guid(b4e923ff2f343d1468d8f6d93c8c3836) Importer(815301076,1909f56bfc062723c751e8b465ee728b)  -> (artifact id: '828f6d4faa1198d8b419bb9621ca3128') in 0.016073 seconds 
========================================================================
Received Prepare
Registering precompiled user dll's ...
Registered in 0.006928 seconds.
Begin MonoManager ReloadAssembly
Native extension for WindowsStandalone target not found
Refreshing native plugins compatible for Editor in 0.99 ms, found 1 plugins.
Preloading 0 native plugins for Editor in 0.00 ms.
Mono: successfully reloaded assembly
- Completed reload, in  3.000 seconds
Platform modules already initialized, skipping
Refreshing native plugins compatible for Editor in 2.62 ms, found 1 plugins.
Preloading 0 native plugins for Editor in 0.00 ms.
Unloading 2664 Unused Serialized files (Serialized files now loaded: 0)
System memory in use before: 99.4 MB.
System memory in use after: 99.6 MB.

Unloading 10 unused Assets to reduce memory usage. Loaded Objects now: 3138.
Total: 7.214000 ms (FindLiveObjects: 0.930300 ms CreateObjectMapping: 0.311700 ms MarkObjects: 5.707900 ms  DeleteObjects: 0.259400 ms)

========================================================================
Received Prepare
Registering precompiled user dll's ...
Registered in 0.003474 seconds.
Begin MonoManager ReloadAssembly
Native extension for WindowsStandalone target not found
Refreshing native plugins compatible for Editor in 0.59 ms, found 1 plugins.
Preloading 0 native plugins for Editor in 0.00 ms.
Mono: successfully reloaded assembly
- Completed reload, in  1.074 seconds
Platform modules already initialized, skipping
Refreshing native plugins compatible for Editor in 0.58 ms, found 1 plugins.
Preloading 0 native plugins for Editor in 0.00 ms.
Unloading 2664 Unused Serialized files (Serialized files now loaded: 0)
System memory in use before: 99.4 MB.
System memory in use after: 99.6 MB.

Unloading 10 unused Assets to reduce memory usage. Loaded Objects now: 3141.
Total: 2.301800 ms (FindLiveObjects: 0.236500 ms CreateObjectMapping: 0.152500 ms MarkObjects: 1.863800 ms  DeleteObjects: 0.047900 ms)

========================================================================
Received Prepare
Registering precompiled user dll's ...
Registered in 0.003589 seconds.
Begin MonoManager ReloadAssembly
Native extension for WindowsStandalone target not found
Refreshing native plugins compatible for Editor in 0.56 ms, found 1 plugins.
Preloading 0 native plugins for Editor in 0.00 ms.
Mono: successfully reloaded assembly
- Completed reload, in  1.201 seconds
Platform modules already initialized, skipping
Refreshing native plugins compatible for Editor in 0.54 ms, found 1 plugins.
Preloading 0 native plugins for Editor in 0.00 ms.
Unloading 2664 Unused Serialized files (Serialized files now loaded: 0)
System memory in use before: 99.5 MB.
System memory in use after: 99.7 MB.

Unloading 10 unused Assets to reduce memory usage. Loaded Objects now: 3144.
Total: 2.218600 ms (FindLiveObjects: 0.241100 ms CreateObjectMapping: 0.153200 ms MarkObjects: 1.769900 ms  DeleteObjects: 0.053500 ms)

========================================================================
Received Prepare
Registering precompiled user dll's ...
Registered in 0.003625 seconds.
Begin MonoManager ReloadAssembly
Native extension for WindowsStandalone target not found
Refreshing native plugins compatible for Editor in 0.55 ms, found 1 plugins.
Preloading 0 native plugins for Editor in 0.00 ms.
Mono: successfully reloaded assembly
- Completed reload, in  1.165 seconds
Platform modules already initialized, skipping
Refreshing native plugins compatible for Editor in 0.55 ms, found 1 plugins.
Preloading 0 native plugins for Editor in 0.00 ms.
Unloading 2664 Unused Serialized files (Serialized files now loaded: 0)
System memory in use before: 99.5 MB.
System memory in use after: 99.7 MB.

Unloading 10 unused Assets to reduce memory usage. Loaded Objects now: 3147.
Total: 2.251500 ms (FindLiveObjects: 0.246100 ms CreateObjectMapping: 0.152100 ms MarkObjects: 1.800700 ms  DeleteObjects: 0.051600 ms)

========================================================================
Received Prepare
Registering precompiled user dll's ...
Registered in 0.003664 seconds.
Begin MonoManager ReloadAssembly
Native extension for WindowsStandalone target not found
Refreshing native plugins compatible for Editor in 0.56 ms, found 1 plugins.
Preloading 0 native plugins for Editor in 0.00 ms.
Mono: successfully reloaded assembly
- Completed reload, in  1.255 seconds
Platform modules already initialized, skipping
Refreshing native plugins compatible for Editor in 0.59 ms, found 1 plugins.
Preloading 0 native plugins for Editor in 0.00 ms.
Unloading 2664 Unused Serialized files (Serialized files now loaded: 0)
System memory in use before: 99.5 MB.
System memory in use after: 99.7 MB.

Unloading 10 unused Assets to reduce memory usage. Loaded Objects now: 3150.
Total: 2.591700 ms (FindLiveObjects: 0.373900 ms CreateObjectMapping: 0.262900 ms MarkObjects: 1.901600 ms  DeleteObjects: 0.052200 ms)

========================================================================
Received Import Request.
  Time since last request: 1048.758330 seconds.
  path: Assets/Assets/AnimationIntegration/Models/Player/Player_Model.controller
  artifactKey: Guid(816fefdb9be91ea4fbb31d12882c25f1) Importer(815301076,1909f56bfc062723c751e8b465ee728b)
Start importing Assets/Assets/AnimationIntegration/Models/Player/Player_Model.controller using Guid(816fefdb9be91ea4fbb31d12882c25f1) Importer(815301076,1909f56bfc062723c751e8b465ee728b)  -> (artifact id: '07d3ee4d25ec72cf436692ad8b606670') in 4.797039 seconds 
========================================================================
Received Prepare
Refreshing native plugins compatible for Editor in 116.11 ms, found 1 plugins.
Preloading 0 native plugins for Editor in 0.00 ms.
Unloading 8 Unused Serialized files (Serialized files now loaded: 0)
System memory in use before: 46.9 MB.
System memory in use after: 47.1 MB.

Unloading 8 unused Assets to reduce memory usage. Loaded Objects now: 3150.
Total: 1964.218200 ms (FindLiveObjects: 0.303500 ms CreateObjectMapping: 0.179300 ms MarkObjects: 1963.484800 ms  DeleteObjects: 0.248100 ms)

========================================================================
Received Prepare
Registering precompiled user dll's ...
Registered in 0.062867 seconds.
Begin MonoManager ReloadAssembly
Native extension for WindowsStandalone target not found
Refreshing native plugins compatible for Editor in 3.03 ms, found 1 plugins.
Preloading 0 native plugins for Editor in 0.00 ms.
Mono: successfully reloaded assembly
- Completed reload, in 12.696 seconds
Platform modules already initialized, skipping
Refreshing native plugins compatible for Editor in 1.82 ms, found 1 plugins.
Preloading 0 native plugins for Editor in 0.00 ms.
Unloading 2664 Unused Serialized files (Serialized files now loaded: 0)
System memory in use before: 99.7 MB.
System memory in use after: 99.9 MB.

Unloading 10 unused Assets to reduce memory usage. Loaded Objects now: 3153.
Total: 55.582800 ms (FindLiveObjects: 2.415900 ms CreateObjectMapping: 2.189400 ms MarkObjects: 50.533400 ms  DeleteObjects: 0.434100 ms)

========================================================================
Received Prepare
Registering precompiled user dll's ...
Registered in 0.016616 seconds.
Begin MonoManager ReloadAssembly
Native extension for WindowsStandalone target not found
Refreshing native plugins compatible for Editor in 1.15 ms, found 1 plugins.
Preloading 0 native plugins for Editor in 0.00 ms.
Mono: successfully reloaded assembly
- Completed reload, in  3.547 seconds
Platform modules already initialized, skipping
Refreshing native plugins compatible for Editor in 1.40 ms, found 1 plugins.
Preloading 0 native plugins for Editor in 0.00 ms.
Unloading 2664 Unused Serialized files (Serialized files now loaded: 0)
System memory in use before: 99.7 MB.
System memory in use after: 99.9 MB.

Unloading 10 unused Assets to reduce memory usage. Loaded Objects now: 3156.
Total: 7.806600 ms (FindLiveObjects: 1.349600 ms CreateObjectMapping: 0.355600 ms MarkObjects: 6.025000 ms  DeleteObjects: 0.074200 ms)

========================================================================
Received Prepare
Registering precompiled user dll's ...
Registered in 0.020868 seconds.
Begin MonoManager ReloadAssembly
Native extension for WindowsStandalone target not found
Refreshing native plugins compatible for Editor in 1.43 ms, found 1 plugins.
Preloading 0 native plugins for Editor in 0.00 ms.
Mono: successfully reloaded assembly
- Completed reload, in  8.507 seconds
Platform modules already initialized, skipping
Refreshing native plugins compatible for Editor in 2.64 ms, found 1 plugins.
Preloading 0 native plugins for Editor in 0.00 ms.
Unloading 2664 Unused Serialized files (Serialized files now loaded: 0)
System memory in use before: 99.7 MB.
System memory in use after: 99.9 MB.

Unloading 10 unused Assets to reduce memory usage. Loaded Objects now: 3159.
Total: 28.733200 ms (FindLiveObjects: 1.230600 ms CreateObjectMapping: 0.790800 ms MarkObjects: 26.296500 ms  DeleteObjects: 0.407300 ms)

========================================================================
Received Prepare
Registering precompiled user dll's ...
Registered in 0.013347 seconds.
Begin MonoManager ReloadAssembly
Native extension for WindowsStandalone target not found
Refreshing native plugins compatible for Editor in 1.28 ms, found 1 plugins.
Preloading 0 native plugins for Editor in 0.00 ms.
Mono: successfully reloaded assembly
- Completed reload, in  5.243 seconds
Platform modules already initialized, skipping
Refreshing native plugins compatible for Editor in 1.38 ms, found 1 plugins.
Preloading 0 native plugins for Editor in 0.00 ms.
Unloading 2664 Unused Serialized files (Serialized files now loaded: 0)
System memory in use before: 99.7 MB.
System memory in use after: 99.9 MB.

Unloading 10 unused Assets to reduce memory usage. Loaded Objects now: 3162.
Total: 4.936700 ms (FindLiveObjects: 0.360200 ms CreateObjectMapping: 0.340600 ms MarkObjects: 4.162100 ms  DeleteObjects: 0.071900 ms)

